Arguments: 
  D:\nodejs\node.exe D:\nodejs_global\node_modules\yarn\bin\yarn.js global bin

PATH: 
  D:\Git\mingw64\bin;D:\Git\usr\bin;C:\Users\guan\bin;D:\VMware\bin;C:\Program Files (x86)\Common Files\Oracle\Java\javapath;C:\WINDOWS\system32;C:\WINDOWS;C:\WINDOWS\System32\Wbem;C:\WINDOWS\System32\WindowsPowerShell\v1.0;C:\WINDOWS\System32\OpenSSH;%JAVA_HOME%\bi;%JAVA_HOME%\jre\bin";D:\Git\cmd;D:\xShell;D:\nodejs;D:\XFtp;D:\apache-maven-3.8.6\bin;D:\nodejs_global\node_modules\yarn\bin;C:\Program Files\Docker\Docker\resources\bin;C:\ProgramData\DockerDesktop\version-bin;C:\Users\guan\AppData\Local\Microsoft\WindowsApps;D:\nodejs_global;C:\Users\guan\AppData\Roaming\npm;D:\code\jetlinks-docs\node_modules\.bin

Yarn version: 
  1.22.19

Node version: 
  12.22.4

Platform: 
  win32 x64

Trace: 
  Error: EEXIST: file already exists, mkdir 'D:\nodejs_global\yarn'

npm manifest: 
  {
    "name": "jetlinks-docs",
    "license": "apache 2.0",
    "scripts": {
      "docs:dev": "vuepress dev .",
      "docs:build": "vuepress build .",
      "build": "node --max_old_space_size=10240 build/build.js"
    },
    "devDependencies": {
      "vuepress-plugin-medium-zoom": "^1.1.8"
    },
    "dependencies": {
      "vue-template-compiler": "^2.7.7"
    }
  }

yarn manifest: 
  No manifest

Lockfile: 
  # THIS IS AN AUTOGENERATED FILE. DO NOT EDIT THIS FILE DIRECTLY.
  # yarn lockfile v1
  
  
  de-indent@^1.0.2:
    version "1.0.2"
    resolved "https://registry.yarnpkg.com/de-indent/-/de-indent-1.0.2.tgz#b2038e846dc33baa5796128d0804b455b8c1e21d"
    integrity sha512-e/1zu3xH5MQryN2zdVaF0OrdNLUbvWxzMbi+iNA6Bky7l1RoP8a2fIbRocyHclXt/arDrrR6lL3TqFD9pMQTsg==
  
  he@^1.2.0:
    version "1.2.0"
    resolved "https://registry.yarnpkg.com/he/-/he-1.2.0.tgz#84ae65fa7eafb165fddb61566ae14baf05664f0f"
    integrity sha512-F/1DnUGPopORZi0ni+CvrCgHQ5FyEAHRLSApuYWMmrbSwoN2Mn/7k+Gl38gJnR7yyDZk6WLXwiGod1JOWNDKGw==
  
  medium-zoom@^1.0.4:
    version "1.0.8"
    resolved "https://registry.yarnpkg.com/medium-zoom/-/medium-zoom-1.0.8.tgz#2bd1fbcf2961fa7b0e318fe284462aa9b8608ed2"
    integrity sha512-CjFVuFq/IfrdqesAXfg+hzlDKu6A2n80ZIq0Kl9kWjoHh9j1N9Uvk5X0/MmN0hOfm5F9YBswlClhcwnmtwz7gA==
  
  vue-template-compiler@^2.7.7:
    version "2.7.14"
    resolved "https://registry.yarnpkg.com/vue-template-compiler/-/vue-template-compiler-2.7.14.tgz#4545b7dfb88090744c1577ae5ac3f964e61634b1"
    integrity sha512-zyA5Y3ArvVG0NacJDkkzJuPQDF8RFeRlzV2vLeSnhSpieO6LK2OVbdLPi5MPPs09Ii+gMO8nY4S3iKQxBxDmWQ==
    dependencies:
      de-indent "^1.0.2"
      he "^1.2.0"
  
  vuepress-plugin-medium-zoom@^1.1.8:
    version "1.1.9"
    resolved "https://registry.yarnpkg.com/vuepress-plugin-medium-zoom/-/vuepress-plugin-medium-zoom-1.1.9.tgz#d0e77cca52a2e1c4a4ab94ecc35f3377f834fd92"
    integrity sha512-kmHdTkoHez7zB8r1EE0ySLQnnf7Cpdie3LPI2h7FwKbvK+DKSGOsJ9WAVLWZ1WInzv+LppGz94f8l76B+nOThA==
    dependencies:
      medium-zoom "^1.0.4"
